CRITICAL - 2023-08-16 07:23:08 --> Invalid file: "index.php"
in SYSTEMPATH\Exceptions\FrameworkException.php on line 33.
 1 SYSTEMPATH\View\View.php(212): CodeIgniter\Exceptions\FrameworkException::forInvalidFile('index.php')
 2 SYSTEMPATH\Common.php(1176): CodeIgniter\View\View->render('index', [], true)
 3 APPPATH\Controllers\Home.php(9): view('index')
 4 SYSTEMPATH\CodeIgniter.php(932): App\Controllers\Home->index()
 5 SYSTEMPATH\CodeIgniter.php(497): CodeIgniter\CodeIgniter->runController(Object(App\Controllers\Home))
 6 SYSTEMPATH\CodeIgniter.php(366): CodeIgniter\CodeIgniter->handleRequest(null, Object(Config\Cache), false)
 7 FCPATH\index.php(67): CodeIgniter\CodeIgniter->run()
 8 SYSTEMPATH\Commands\Server\rewrite.php(47): require_once('C:\\Users\\4\\Desktop\\jidox_codeigniter\\jidox\\public\\index.php')
CRITICAL - 2023-08-16 08:32:54 --> Class "Config\Auth" not found
in SYSTEMPATH\Filters\Filters.php on line 166.
 1 SYSTEMPATH\CodeIgniter.php(471): CodeIgniter\Filters\Filters->run('apps-calendar', 'before')
 2 SYSTEMPATH\CodeIgniter.php(366): CodeIgniter\CodeIgniter->handleRequest(null, Object(Config\Cache), false)
 3 FCPATH\index.php(67): CodeIgniter\CodeIgniter->run()
 4 SYSTEMPATH\Commands\Server\rewrite.php(47): require_once('C:\\Users\\4\\Desktop\\jidox_codeigniter\\jidox\\public\\index.php')
CRITICAL - 2023-08-16 08:32:58 --> Class "Config\Auth" not found
in SYSTEMPATH\Filters\Filters.php on line 166.
 1 SYSTEMPATH\CodeIgniter.php(471): CodeIgniter\Filters\Filters->run('/', 'before')
 2 SYSTEMPATH\CodeIgniter.php(366): CodeIgniter\CodeIgniter->handleRequest(null, Object(Config\Cache), false)
 3 FCPATH\index.php(67): CodeIgniter\CodeIgniter->run()
 4 SYSTEMPATH\Commands\Server\rewrite.php(47): require_once('C:\\Users\\4\\Desktop\\jidox_codeigniter\\jidox\\public\\index.php')
CRITICAL - 2023-08-16 08:33:59 --> Class "Config\Auth" not found
in SYSTEMPATH\Filters\Filters.php on line 166.
 1 SYSTEMPATH\CodeIgniter.php(471): CodeIgniter\Filters\Filters->run('/', 'before')
 2 SYSTEMPATH\CodeIgniter.php(366): CodeIgniter\CodeIgniter->handleRequest(null, Object(Config\Cache), false)
 3 FCPATH\index.php(67): CodeIgniter\CodeIgniter->run()
 4 SYSTEMPATH\Commands\Server\rewrite.php(47): require_once('C:\\Users\\4\\Desktop\\jidox_codeigniter\\jidox\\public\\index.php')
CRITICAL - 2023-08-16 08:34:00 --> Class "Config\Auth" not found
in SYSTEMPATH\Filters\Filters.php on line 166.
 1 SYSTEMPATH\CodeIgniter.php(471): CodeIgniter\Filters\Filters->run('/', 'before')
 2 SYSTEMPATH\CodeIgniter.php(366): CodeIgniter\CodeIgniter->handleRequest(null, Object(Config\Cache), false)
 3 FCPATH\index.php(67): CodeIgniter\CodeIgniter->run()
 4 SYSTEMPATH\Commands\Server\rewrite.php(47): require_once('C:\\Users\\4\\Desktop\\jidox_codeigniter\\jidox\\public\\index.php')
CRITICAL - 2023-08-16 08:34:01 --> Class "Config\Auth" not found
in SYSTEMPATH\Filters\Filters.php on line 166.
 1 SYSTEMPATH\CodeIgniter.php(471): CodeIgniter\Filters\Filters->run('/', 'before')
 2 SYSTEMPATH\CodeIgniter.php(366): CodeIgniter\CodeIgniter->handleRequest(null, Object(Config\Cache), false)
 3 FCPATH\index.php(67): CodeIgniter\CodeIgniter->run()
 4 SYSTEMPATH\Commands\Server\rewrite.php(47): require_once('C:\\Users\\4\\Desktop\\jidox_codeigniter\\jidox\\public\\index.php')
CRITICAL - 2023-08-16 08:34:26 --> Class "Config\Auth" not found
in SYSTEMPATH\Filters\Filters.php on line 166.
 1 SYSTEMPATH\CodeIgniter.php(471): CodeIgniter\Filters\Filters->run('/', 'before')
 2 SYSTEMPATH\CodeIgniter.php(366): CodeIgniter\CodeIgniter->handleRequest(null, Object(Config\Cache), false)
 3 FCPATH\index.php(67): CodeIgniter\CodeIgniter->run()
 4 SYSTEMPATH\Commands\Server\rewrite.php(47): require_once('C:\\Users\\4\\Desktop\\jidox_codeigniter\\jidox\\public\\index.php')
CRITICAL - 2023-08-16 08:34:30 --> Class "Config\NoAuth" not found
in SYSTEMPATH\Filters\Filters.php on line 166.
 1 SYSTEMPATH\CodeIgniter.php(471): CodeIgniter\Filters\Filters->run('login', 'before')
 2 SYSTEMPATH\CodeIgniter.php(366): CodeIgniter\CodeIgniter->handleRequest(null, Object(Config\Cache), false)
 3 FCPATH\index.php(67): CodeIgniter\CodeIgniter->run()
 4 SYSTEMPATH\Commands\Server\rewrite.php(47): require_once('C:\\Users\\4\\Desktop\\jidox_codeigniter\\jidox\\public\\index.php')
CRITICAL - 2023-08-16 08:35:59 --> Class "Config\Auth" not found
in SYSTEMPATH\Filters\Filters.php on line 166.
 1 SYSTEMPATH\CodeIgniter.php(471): CodeIgniter\Filters\Filters->run('/', 'before')
 2 SYSTEMPATH\CodeIgniter.php(366): CodeIgniter\CodeIgniter->handleRequest(null, Object(Config\Cache), false)
 3 FCPATH\index.php(67): CodeIgniter\CodeIgniter->run()
 4 SYSTEMPATH\Commands\Server\rewrite.php(47): require_once('C:\\Users\\4\\Desktop\\jidox_codeigniter\\jidox\\public\\index.php')
CRITICAL - 2023-08-16 08:36:02 --> Class "Config\Auth" not found
in SYSTEMPATH\Filters\Filters.php on line 166.
 1 SYSTEMPATH\CodeIgniter.php(471): CodeIgniter\Filters\Filters->run('/', 'before')
 2 SYSTEMPATH\CodeIgniter.php(366): CodeIgniter\CodeIgniter->handleRequest(null, Object(Config\Cache), false)
 3 FCPATH\index.php(67): CodeIgniter\CodeIgniter->run()
 4 SYSTEMPATH\Commands\Server\rewrite.php(47): require_once('C:\\Users\\4\\Desktop\\jidox_codeigniter\\jidox\\public\\index.php')
CRITICAL - 2023-08-16 08:36:15 --> Class "Config\Auth" not found
in SYSTEMPATH\Filters\Filters.php on line 166.
 1 SYSTEMPATH\CodeIgniter.php(471): CodeIgniter\Filters\Filters->run('assets/js/bootstrap.bundle.min.js.map', 'before')
 2 SYSTEMPATH\CodeIgniter.php(366): CodeIgniter\CodeIgniter->handleRequest(null, Object(Config\Cache), false)
 3 FCPATH\index.php(67): CodeIgniter\CodeIgniter->run()
 4 SYSTEMPATH\Commands\Server\rewrite.php(47): require_once('C:\\Users\\4\\Desktop\\jidox_codeigniter\\jidox\\public\\index.php')
CRITICAL - 2023-08-16 08:36:19 --> Class "Config\Auth" not found
in SYSTEMPATH\Filters\Filters.php on line 166.
 1 SYSTEMPATH\CodeIgniter.php(471): CodeIgniter\Filters\Filters->run('/', 'before')
 2 SYSTEMPATH\CodeIgniter.php(366): CodeIgniter\CodeIgniter->handleRequest(null, Object(Config\Cache), false)
 3 FCPATH\index.php(67): CodeIgniter\CodeIgniter->run()
 4 SYSTEMPATH\Commands\Server\rewrite.php(47): require_once('C:\\Users\\4\\Desktop\\jidox_codeigniter\\jidox\\public\\index.php')
CRITICAL - 2023-08-16 08:39:44 --> Invalid file: "partials/vendor-scripts.php"
in SYSTEMPATH\Exceptions\FrameworkException.php on line 33.
 1 SYSTEMPATH\View\View.php(212): CodeIgniter\Exceptions\FrameworkException::forInvalidFile('partials/vendor-scripts.php')
 2 SYSTEMPATH\View\View.php(452): CodeIgniter\View\View->render('partials/vendor-scripts', null, true)
 3 APPPATH\Views\auth\login.php(111): CodeIgniter\View\View->include('partials/vendor-scripts')
 4 SYSTEMPATH\View\View.php(224): include('C:\\Users\\4\\Desktop\\jidox_codeigniter\\jidox\\app\\Views\\auth\\login.php')
 5 SYSTEMPATH\View\View.php(227): CodeIgniter\View\View->CodeIgniter\View\{closure}()
 6 SYSTEMPATH\Common.php(1176): CodeIgniter\View\View->render('auth/login', [], true)
 7 APPPATH\Controllers\Auth.php(10): view('auth/login')
 8 SYSTEMPATH\CodeIgniter.php(932): App\Controllers\Auth->index()
 9 SYSTEMPATH\CodeIgniter.php(497): CodeIgniter\CodeIgniter->runController(Object(App\Controllers\Auth))
10 SYSTEMPATH\CodeIgniter.php(366): CodeIgniter\CodeIgniter->handleRequest(null, Object(Config\Cache), false)
11 FCPATH\index.php(67): CodeIgniter\CodeIgniter->run()
12 SYSTEMPATH\Commands\Server\rewrite.php(47): require_once('C:\\Users\\4\\Desktop\\jidox_codeigniter\\jidox\\public\\index.php')
CRITICAL - 2023-08-16 08:39:54 --> Invalid file: "partials/vendor-scripts.php"
in SYSTEMPATH\Exceptions\FrameworkException.php on line 33.
 1 SYSTEMPATH\View\View.php(212): CodeIgniter\Exceptions\FrameworkException::forInvalidFile('partials/vendor-scripts.php')
 2 SYSTEMPATH\View\View.php(452): CodeIgniter\View\View->render('partials/vendor-scripts', null, true)
 3 APPPATH\Views\auth\login.php(111): CodeIgniter\View\View->include('partials/vendor-scripts')
 4 SYSTEMPATH\View\View.php(224): include('C:\\Users\\4\\Desktop\\jidox_codeigniter\\jidox\\app\\Views\\auth\\login.php')
 5 SYSTEMPATH\View\View.php(227): CodeIgniter\View\View->CodeIgniter\View\{closure}()
 6 SYSTEMPATH\Common.php(1176): CodeIgniter\View\View->render('auth/login', [], true)
 7 APPPATH\Controllers\Auth.php(10): view('auth/login')
 8 SYSTEMPATH\CodeIgniter.php(932): App\Controllers\Auth->index()
 9 SYSTEMPATH\CodeIgniter.php(497): CodeIgniter\CodeIgniter->runController(Object(App\Controllers\Auth))
10 SYSTEMPATH\CodeIgniter.php(366): CodeIgniter\CodeIgniter->handleRequest(null, Object(Config\Cache), false)
11 FCPATH\index.php(67): CodeIgniter\CodeIgniter->run()
12 SYSTEMPATH\Commands\Server\rewrite.php(47): require_once('C:\\Users\\4\\Desktop\\jidox_codeigniter\\jidox\\public\\index.php')
CRITICAL - 2023-08-16 08:40:44 --> Invalid file: "partials/vendor-scripts.php"
in SYSTEMPATH\Exceptions\FrameworkException.php on line 33.
 1 SYSTEMPATH\View\View.php(212): CodeIgniter\Exceptions\FrameworkException::forInvalidFile('partials/vendor-scripts.php')
 2 SYSTEMPATH\View\View.php(452): CodeIgniter\View\View->render('partials/vendor-scripts', null, true)
 3 APPPATH\Views\auth\login.php(111): CodeIgniter\View\View->include('partials/vendor-scripts')
 4 SYSTEMPATH\View\View.php(224): include('C:\\Users\\4\\Desktop\\jidox_codeigniter\\jidox\\app\\Views\\auth\\login.php')
 5 SYSTEMPATH\View\View.php(227): CodeIgniter\View\View->CodeIgniter\View\{closure}()
 6 SYSTEMPATH\Common.php(1176): CodeIgniter\View\View->render('auth/login', [], true)
 7 APPPATH\Controllers\Auth.php(10): view('auth/login')
 8 SYSTEMPATH\CodeIgniter.php(932): App\Controllers\Auth->index()
 9 SYSTEMPATH\CodeIgniter.php(497): CodeIgniter\CodeIgniter->runController(Object(App\Controllers\Auth))
10 SYSTEMPATH\CodeIgniter.php(366): CodeIgniter\CodeIgniter->handleRequest(null, Object(Config\Cache), false)
11 FCPATH\index.php(67): CodeIgniter\CodeIgniter->run()
12 SYSTEMPATH\Commands\Server\rewrite.php(47): require_once('C:\\Users\\4\\Desktop\\jidox_codeigniter\\jidox\\public\\index.php')
CRITICAL - 2023-08-16 08:41:38 --> CodeIgniter\Router\RouteCollection::get(): Argument #3 ($options) must be of type ?array, string given, called in C:\Users\4\Desktop\jidox_codeigniter\jidox\app\Config\Routes.php on line 38
in SYSTEMPATH\Router\RouteCollection.php on line 919.
 1 APPPATH\Config\Routes.php(38): CodeIgniter\Router\RouteCollection->get('/login', [...], 'Auth::index')
 2 SYSTEMPATH\Router\RouteCollection.php(267): require('C:\\Users\\4\\Desktop\\jidox_codeigniter\\jidox\\app\\Config\\Routes.php')
 3 SYSTEMPATH\CodeIgniter.php(800): CodeIgniter\Router\RouteCollection->loadRoutes()
 4 SYSTEMPATH\CodeIgniter.php(447): CodeIgniter\CodeIgniter->tryToRouteIt(null)
 5 SYSTEMPATH\CodeIgniter.php(366): CodeIgniter\CodeIgniter->handleRequest(null, Object(Config\Cache), false)
 6 FCPATH\index.php(67): CodeIgniter\CodeIgniter->run()
 7 SYSTEMPATH\Commands\Server\rewrite.php(47): require_once('C:\\Users\\4\\Desktop\\jidox_codeigniter\\jidox\\public\\index.php')
CRITICAL - 2023-08-16 08:42:55 --> Invalid file: "partials/vendor-scripts.php"
in SYSTEMPATH\Exceptions\FrameworkException.php on line 33.
 1 SYSTEMPATH\View\View.php(212): CodeIgniter\Exceptions\FrameworkException::forInvalidFile('partials/vendor-scripts.php')
 2 SYSTEMPATH\View\View.php(452): CodeIgniter\View\View->render('partials/vendor-scripts', null, true)
 3 APPPATH\Views\auth\login.php(111): CodeIgniter\View\View->include('partials/vendor-scripts')
 4 SYSTEMPATH\View\View.php(224): include('C:\\Users\\4\\Desktop\\jidox_codeigniter\\jidox\\app\\Views\\auth\\login.php')
 5 SYSTEMPATH\View\View.php(227): CodeIgniter\View\View->CodeIgniter\View\{closure}()
 6 SYSTEMPATH\Common.php(1176): CodeIgniter\View\View->render('auth/login', [], true)
 7 APPPATH\Controllers\Auth.php(10): view('auth/login')
 8 SYSTEMPATH\CodeIgniter.php(932): App\Controllers\Auth->index()
 9 SYSTEMPATH\CodeIgniter.php(497): CodeIgniter\CodeIgniter->runController(Object(App\Controllers\Auth))
10 SYSTEMPATH\CodeIgniter.php(366): CodeIgniter\CodeIgniter->handleRequest(null, Object(Config\Cache), false)
11 FCPATH\index.php(67): CodeIgniter\CodeIgniter->run()
12 SYSTEMPATH\Commands\Server\rewrite.php(47): require_once('C:\\Users\\4\\Desktop\\jidox_codeigniter\\jidox\\public\\index.php')
CRITICAL - 2023-08-16 08:42:58 --> Invalid file: "partials/vendor-scripts.php"
in SYSTEMPATH\Exceptions\FrameworkException.php on line 33.
 1 SYSTEMPATH\View\View.php(212): CodeIgniter\Exceptions\FrameworkException::forInvalidFile('partials/vendor-scripts.php')
 2 SYSTEMPATH\View\View.php(452): CodeIgniter\View\View->render('partials/vendor-scripts', null, true)
 3 APPPATH\Views\auth\login.php(111): CodeIgniter\View\View->include('partials/vendor-scripts')
 4 SYSTEMPATH\View\View.php(224): include('C:\\Users\\4\\Desktop\\jidox_codeigniter\\jidox\\app\\Views\\auth\\login.php')
 5 SYSTEMPATH\View\View.php(227): CodeIgniter\View\View->CodeIgniter\View\{closure}()
 6 SYSTEMPATH\Common.php(1176): CodeIgniter\View\View->render('auth/login', [], true)
 7 APPPATH\Controllers\Auth.php(10): view('auth/login')
 8 SYSTEMPATH\CodeIgniter.php(932): App\Controllers\Auth->index()
 9 SYSTEMPATH\CodeIgniter.php(497): CodeIgniter\CodeIgniter->runController(Object(App\Controllers\Auth))
10 SYSTEMPATH\CodeIgniter.php(366): CodeIgniter\CodeIgniter->handleRequest(null, Object(Config\Cache), false)
11 FCPATH\index.php(67): CodeIgniter\CodeIgniter->run()
12 SYSTEMPATH\Commands\Server\rewrite.php(47): require_once('C:\\Users\\4\\Desktop\\jidox_codeigniter\\jidox\\public\\index.php')
CRITICAL - 2023-08-16 08:44:14 --> Invalid file: "partials/vendor-scripts.php"
in SYSTEMPATH\Exceptions\FrameworkException.php on line 33.
 1 SYSTEMPATH\View\View.php(212): CodeIgniter\Exceptions\FrameworkException::forInvalidFile('partials/vendor-scripts.php')
 2 SYSTEMPATH\View\View.php(452): CodeIgniter\View\View->render('partials/vendor-scripts', null, true)
 3 APPPATH\Views\auth\login.php(111): CodeIgniter\View\View->include('partials/vendor-scripts')
 4 SYSTEMPATH\View\View.php(224): include('C:\\Users\\4\\Desktop\\jidox_codeigniter\\jidox\\app\\Views\\auth\\login.php')
 5 SYSTEMPATH\View\View.php(227): CodeIgniter\View\View->CodeIgniter\View\{closure}()
 6 SYSTEMPATH\Common.php(1176): CodeIgniter\View\View->render('auth/login', [], true)
 7 APPPATH\Controllers\Auth.php(10): view('auth/login')
 8 SYSTEMPATH\CodeIgniter.php(932): App\Controllers\Auth->index()
 9 SYSTEMPATH\CodeIgniter.php(497): CodeIgniter\CodeIgniter->runController(Object(App\Controllers\Auth))
10 SYSTEMPATH\CodeIgniter.php(366): CodeIgniter\CodeIgniter->handleRequest(null, Object(Config\Cache), false)
11 FCPATH\index.php(67): CodeIgniter\CodeIgniter->run()
12 SYSTEMPATH\Commands\Server\rewrite.php(47): require_once('C:\\Users\\4\\Desktop\\jidox_codeigniter\\jidox\\public\\index.php')
CRITICAL - 2023-08-16 08:44:53 --> Invalid file: "partials/vendor-scripts.php"
in SYSTEMPATH\Exceptions\FrameworkException.php on line 33.
 1 SYSTEMPATH\View\View.php(212): CodeIgniter\Exceptions\FrameworkException::forInvalidFile('partials/vendor-scripts.php')
 2 SYSTEMPATH\View\View.php(452): CodeIgniter\View\View->render('partials/vendor-scripts', null, true)
 3 APPPATH\Views\auth\login.php(111): CodeIgniter\View\View->include('partials/vendor-scripts')
 4 SYSTEMPATH\View\View.php(224): include('C:\\Users\\4\\Desktop\\jidox_codeigniter\\jidox\\app\\Views\\auth\\login.php')
 5 SYSTEMPATH\View\View.php(227): CodeIgniter\View\View->CodeIgniter\View\{closure}()
 6 SYSTEMPATH\Common.php(1176): CodeIgniter\View\View->render('auth/login', [], true)
 7 APPPATH\Controllers\Auth.php(10): view('auth/login')
 8 SYSTEMPATH\CodeIgniter.php(932): App\Controllers\Auth->index()
 9 SYSTEMPATH\CodeIgniter.php(497): CodeIgniter\CodeIgniter->runController(Object(App\Controllers\Auth))
10 SYSTEMPATH\CodeIgniter.php(366): CodeIgniter\CodeIgniter->handleRequest(null, Object(Config\Cache), false)
11 FCPATH\index.php(67): CodeIgniter\CodeIgniter->run()
12 SYSTEMPATH\Commands\Server\rewrite.php(47): require_once('C:\\Users\\4\\Desktop\\jidox_codeigniter\\jidox\\public\\index.php')
CRITICAL - 2023-08-16 08:46:21 --> Invalid file: "partials/vendor-scripts.php"
in SYSTEMPATH\Exceptions\FrameworkException.php on line 33.
 1 SYSTEMPATH\View\View.php(212): CodeIgniter\Exceptions\FrameworkException::forInvalidFile('partials/vendor-scripts.php')
 2 SYSTEMPATH\View\View.php(452): CodeIgniter\View\View->render('partials/vendor-scripts', null, true)
 3 APPPATH\Views\auth\login.php(111): CodeIgniter\View\View->include('partials/vendor-scripts')
 4 SYSTEMPATH\View\View.php(224): include('C:\\Users\\4\\Desktop\\jidox_codeigniter\\jidox\\app\\Views\\auth\\login.php')
 5 SYSTEMPATH\View\View.php(227): CodeIgniter\View\View->CodeIgniter\View\{closure}()
 6 SYSTEMPATH\Common.php(1176): CodeIgniter\View\View->render('auth/login', [], true)
 7 APPPATH\Controllers\Auth.php(10): view('auth/login')
 8 SYSTEMPATH\CodeIgniter.php(932): App\Controllers\Auth->index()
 9 SYSTEMPATH\CodeIgniter.php(497): CodeIgniter\CodeIgniter->runController(Object(App\Controllers\Auth))
10 SYSTEMPATH\CodeIgniter.php(366): CodeIgniter\CodeIgniter->handleRequest(null, Object(Config\Cache), false)
11 FCPATH\index.php(67): CodeIgniter\CodeIgniter->run()
12 SYSTEMPATH\Commands\Server\rewrite.php(47): require_once('C:\\Users\\4\\Desktop\\jidox_codeigniter\\jidox\\public\\index.php')
CRITICAL - 2023-08-16 08:46:31 --> Invalid file: "partials/vendor-scripts.php"
in SYSTEMPATH\Exceptions\FrameworkException.php on line 33.
 1 SYSTEMPATH\View\View.php(212): CodeIgniter\Exceptions\FrameworkException::forInvalidFile('partials/vendor-scripts.php')
 2 SYSTEMPATH\View\View.php(452): CodeIgniter\View\View->render('partials/vendor-scripts', null, true)
 3 APPPATH\Views\auth\login.php(111): CodeIgniter\View\View->include('partials/vendor-scripts')
 4 SYSTEMPATH\View\View.php(224): include('C:\\Users\\4\\Desktop\\jidox_codeigniter\\jidox\\app\\Views\\auth\\login.php')
 5 SYSTEMPATH\View\View.php(227): CodeIgniter\View\View->CodeIgniter\View\{closure}()
 6 SYSTEMPATH\Common.php(1176): CodeIgniter\View\View->render('auth/login', [], true)
 7 APPPATH\Controllers\Auth.php(10): view('auth/login')
 8 SYSTEMPATH\CodeIgniter.php(932): App\Controllers\Auth->index()
 9 SYSTEMPATH\CodeIgniter.php(497): CodeIgniter\CodeIgniter->runController(Object(App\Controllers\Auth))
10 SYSTEMPATH\CodeIgniter.php(366): CodeIgniter\CodeIgniter->handleRequest(null, Object(Config\Cache), false)
11 FCPATH\index.php(67): CodeIgniter\CodeIgniter->run()
12 SYSTEMPATH\Commands\Server\rewrite.php(47): require_once('C:\\Users\\4\\Desktop\\jidox_codeigniter\\jidox\\public\\index.php')
CRITICAL - 2023-08-16 08:47:29 --> Invalid file: "partials/vendor-scripts.php"
in SYSTEMPATH\Exceptions\FrameworkException.php on line 33.
 1 SYSTEMPATH\View\View.php(212): CodeIgniter\Exceptions\FrameworkException::forInvalidFile('partials/vendor-scripts.php')
 2 SYSTEMPATH\View\View.php(452): CodeIgniter\View\View->render('partials/vendor-scripts', null, true)
 3 APPPATH\Views\auth\login.php(111): CodeIgniter\View\View->include('partials/vendor-scripts')
 4 SYSTEMPATH\View\View.php(224): include('C:\\Users\\4\\Desktop\\jidox_codeigniter\\jidox\\app\\Views\\auth\\login.php')
 5 SYSTEMPATH\View\View.php(227): CodeIgniter\View\View->CodeIgniter\View\{closure}()
 6 SYSTEMPATH\Common.php(1176): CodeIgniter\View\View->render('auth/login', [], true)
 7 APPPATH\Controllers\Auth.php(10): view('auth/login')
 8 SYSTEMPATH\CodeIgniter.php(932): App\Controllers\Auth->index()
 9 SYSTEMPATH\CodeIgniter.php(497): CodeIgniter\CodeIgniter->runController(Object(App\Controllers\Auth))
10 SYSTEMPATH\CodeIgniter.php(366): CodeIgniter\CodeIgniter->handleRequest(null, Object(Config\Cache), false)
11 FCPATH\index.php(67): CodeIgniter\CodeIgniter->run()
12 SYSTEMPATH\Commands\Server\rewrite.php(47): require_once('C:\\Users\\4\\Desktop\\jidox_codeigniter\\jidox\\public\\index.php')
CRITICAL - 2023-08-16 08:52:49 --> Invalid file: "partials/vendor-scripts.php"
in SYSTEMPATH\Exceptions\FrameworkException.php on line 33.
 1 SYSTEMPATH\View\View.php(212): CodeIgniter\Exceptions\FrameworkException::forInvalidFile('partials/vendor-scripts.php')
 2 SYSTEMPATH\View\View.php(452): CodeIgniter\View\View->render('partials/vendor-scripts', null, true)
 3 APPPATH\Views\auth\login.php(111): CodeIgniter\View\View->include('partials/vendor-scripts')
 4 SYSTEMPATH\View\View.php(224): include('C:\\Users\\4\\Desktop\\jidox_codeigniter\\jidox\\app\\Views\\auth\\login.php')
 5 SYSTEMPATH\View\View.php(227): CodeIgniter\View\View->CodeIgniter\View\{closure}()
 6 SYSTEMPATH\Common.php(1176): CodeIgniter\View\View->render('auth/login', [], true)
 7 APPPATH\Controllers\Auth.php(10): view('auth/login')
 8 SYSTEMPATH\CodeIgniter.php(932): App\Controllers\Auth->index()
 9 SYSTEMPATH\CodeIgniter.php(497): CodeIgniter\CodeIgniter->runController(Object(App\Controllers\Auth))
10 SYSTEMPATH\CodeIgniter.php(366): CodeIgniter\CodeIgniter->handleRequest(null, Object(Config\Cache), false)
11 FCPATH\index.php(67): CodeIgniter\CodeIgniter->run()
12 SYSTEMPATH\Commands\Server\rewrite.php(47): require_once('C:\\Users\\4\\Desktop\\jidox_codeigniter\\jidox\\public\\index.php')
CRITICAL - 2023-08-16 08:52:52 --> Invalid file: "partials/vendor-scripts.php"
in SYSTEMPATH\Exceptions\FrameworkException.php on line 33.
 1 SYSTEMPATH\View\View.php(212): CodeIgniter\Exceptions\FrameworkException::forInvalidFile('partials/vendor-scripts.php')
 2 SYSTEMPATH\View\View.php(452): CodeIgniter\View\View->render('partials/vendor-scripts', null, true)
 3 APPPATH\Views\auth\login.php(111): CodeIgniter\View\View->include('partials/vendor-scripts')
 4 SYSTEMPATH\View\View.php(224): include('C:\\Users\\4\\Desktop\\jidox_codeigniter\\jidox\\app\\Views\\auth\\login.php')
 5 SYSTEMPATH\View\View.php(227): CodeIgniter\View\View->CodeIgniter\View\{closure}()
 6 SYSTEMPATH\Common.php(1176): CodeIgniter\View\View->render('auth/login', [], true)
 7 APPPATH\Controllers\Auth.php(10): view('auth/login')
 8 SYSTEMPATH\CodeIgniter.php(932): App\Controllers\Auth->index()
 9 SYSTEMPATH\CodeIgniter.php(497): CodeIgniter\CodeIgniter->runController(Object(App\Controllers\Auth))
10 SYSTEMPATH\CodeIgniter.php(366): CodeIgniter\CodeIgniter->handleRequest(null, Object(Config\Cache), false)
11 FCPATH\index.php(67): CodeIgniter\CodeIgniter->run()
12 SYSTEMPATH\Commands\Server\rewrite.php(47): require_once('C:\\Users\\4\\Desktop\\jidox_codeigniter\\jidox\\public\\index.php')
CRITICAL - 2023-08-16 08:53:24 --> Invalid file: "partials/vendor-scripts.php"
in SYSTEMPATH\Exceptions\FrameworkException.php on line 33.
 1 SYSTEMPATH\View\View.php(212): CodeIgniter\Exceptions\FrameworkException::forInvalidFile('partials/vendor-scripts.php')
 2 SYSTEMPATH\View\View.php(452): CodeIgniter\View\View->render('partials/vendor-scripts', null, true)
 3 APPPATH\Views\auth\login.php(111): CodeIgniter\View\View->include('partials/vendor-scripts')
 4 SYSTEMPATH\View\View.php(224): include('C:\\Users\\4\\Desktop\\jidox_codeigniter\\jidox\\app\\Views\\auth\\login.php')
 5 SYSTEMPATH\View\View.php(227): CodeIgniter\View\View->CodeIgniter\View\{closure}()
 6 SYSTEMPATH\Common.php(1176): CodeIgniter\View\View->render('auth/login', [], true)
 7 APPPATH\Controllers\Auth.php(10): view('auth/login')
 8 SYSTEMPATH\CodeIgniter.php(932): App\Controllers\Auth->index()
 9 SYSTEMPATH\CodeIgniter.php(497): CodeIgniter\CodeIgniter->runController(Object(App\Controllers\Auth))
10 SYSTEMPATH\CodeIgniter.php(366): CodeIgniter\CodeIgniter->handleRequest(null, Object(Config\Cache), false)
11 FCPATH\index.php(67): CodeIgniter\CodeIgniter->run()
12 SYSTEMPATH\Commands\Server\rewrite.php(47): require_once('C:\\Users\\4\\Desktop\\jidox_codeigniter\\jidox\\public\\index.php')
CRITICAL - 2023-08-16 08:55:13 --> Invalid file: "partials/vendor-scripts.php"
in SYSTEMPATH\Exceptions\FrameworkException.php on line 33.
 1 SYSTEMPATH\View\View.php(212): CodeIgniter\Exceptions\FrameworkException::forInvalidFile('partials/vendor-scripts.php')
 2 SYSTEMPATH\View\View.php(452): CodeIgniter\View\View->render('partials/vendor-scripts', null, true)
 3 APPPATH\Views\auth\login.php(111): CodeIgniter\View\View->include('partials/vendor-scripts')
 4 SYSTEMPATH\View\View.php(224): include('C:\\Users\\4\\Desktop\\jidox_codeigniter\\jidox\\app\\Views\\auth\\login.php')
 5 SYSTEMPATH\View\View.php(227): CodeIgniter\View\View->CodeIgniter\View\{closure}()
 6 SYSTEMPATH\Common.php(1176): CodeIgniter\View\View->render('auth/login', [], true)
 7 APPPATH\Controllers\Auth.php(10): view('auth/login')
 8 SYSTEMPATH\CodeIgniter.php(932): App\Controllers\Auth->index()
 9 SYSTEMPATH\CodeIgniter.php(497): CodeIgniter\CodeIgniter->runController(Object(App\Controllers\Auth))
10 SYSTEMPATH\CodeIgniter.php(366): CodeIgniter\CodeIgniter->handleRequest(null, Object(Config\Cache), false)
11 FCPATH\index.php(67): CodeIgniter\CodeIgniter->run()
12 SYSTEMPATH\Commands\Server\rewrite.php(47): require_once('C:\\Users\\4\\Desktop\\jidox_codeigniter\\jidox\\public\\index.php')
CRITICAL - 2023-08-16 08:56:37 --> Invalid file: "partials/vendor-scripts.php"
in SYSTEMPATH\Exceptions\FrameworkException.php on line 33.
 1 SYSTEMPATH\View\View.php(212): CodeIgniter\Exceptions\FrameworkException::forInvalidFile('partials/vendor-scripts.php')
 2 SYSTEMPATH\View\View.php(452): CodeIgniter\View\View->render('partials/vendor-scripts', null, true)
 3 APPPATH\Views\auth\login.php(111): CodeIgniter\View\View->include('partials/vendor-scripts')
 4 SYSTEMPATH\View\View.php(224): include('C:\\Users\\4\\Desktop\\jidox_codeigniter\\jidox\\app\\Views\\auth\\login.php')
 5 SYSTEMPATH\View\View.php(227): CodeIgniter\View\View->CodeIgniter\View\{closure}()
 6 SYSTEMPATH\Common.php(1176): CodeIgniter\View\View->render('auth/login', [], true)
 7 APPPATH\Controllers\Auth.php(10): view('auth/login')
 8 SYSTEMPATH\CodeIgniter.php(932): App\Controllers\Auth->index()
 9 SYSTEMPATH\CodeIgniter.php(497): CodeIgniter\CodeIgniter->runController(Object(App\Controllers\Auth))
10 SYSTEMPATH\CodeIgniter.php(366): CodeIgniter\CodeIgniter->handleRequest(null, Object(Config\Cache), false)
11 FCPATH\index.php(67): CodeIgniter\CodeIgniter->run()
12 SYSTEMPATH\Commands\Server\rewrite.php(47): require_once('C:\\Users\\4\\Desktop\\jidox_codeigniter\\jidox\\public\\index.php')
CRITICAL - 2023-08-16 08:57:10 --> Invalid file: "partials/vendor-scripts.php"
in SYSTEMPATH\Exceptions\FrameworkException.php on line 33.
 1 SYSTEMPATH\View\View.php(212): CodeIgniter\Exceptions\FrameworkException::forInvalidFile('partials/vendor-scripts.php')
 2 SYSTEMPATH\View\View.php(452): CodeIgniter\View\View->render('partials/vendor-scripts', null, true)
 3 APPPATH\Views\auth\login.php(111): CodeIgniter\View\View->include('partials/vendor-scripts')
 4 SYSTEMPATH\View\View.php(224): include('C:\\Users\\4\\Desktop\\jidox_codeigniter\\jidox\\app\\Views\\auth\\login.php')
 5 SYSTEMPATH\View\View.php(227): CodeIgniter\View\View->CodeIgniter\View\{closure}()
 6 SYSTEMPATH\Common.php(1176): CodeIgniter\View\View->render('/auth/login', [], true)
 7 APPPATH\Controllers\Auth.php(10): view('/auth/login')
 8 SYSTEMPATH\CodeIgniter.php(932): App\Controllers\Auth->index()
 9 SYSTEMPATH\CodeIgniter.php(497): CodeIgniter\CodeIgniter->runController(Object(App\Controllers\Auth))
10 SYSTEMPATH\CodeIgniter.php(366): CodeIgniter\CodeIgniter->handleRequest(null, Object(Config\Cache), false)
11 FCPATH\index.php(67): CodeIgniter\CodeIgniter->run()
12 SYSTEMPATH\Commands\Server\rewrite.php(47): require_once('C:\\Users\\4\\Desktop\\jidox_codeigniter\\jidox\\public\\index.php')
CRITICAL - 2023-08-16 08:57:16 --> Invalid file: "partials/vendor-scripts.php"
in SYSTEMPATH\Exceptions\FrameworkException.php on line 33.
 1 SYSTEMPATH\View\View.php(212): CodeIgniter\Exceptions\FrameworkException::forInvalidFile('partials/vendor-scripts.php')
 2 SYSTEMPATH\View\View.php(452): CodeIgniter\View\View->render('partials/vendor-scripts', null, true)
 3 APPPATH\Views\auth\login.php(111): CodeIgniter\View\View->include('partials/vendor-scripts')
 4 SYSTEMPATH\View\View.php(224): include('C:\\Users\\4\\Desktop\\jidox_codeigniter\\jidox\\app\\Views\\auth\\login.php')
 5 SYSTEMPATH\View\View.php(227): CodeIgniter\View\View->CodeIgniter\View\{closure}()
 6 SYSTEMPATH\Common.php(1176): CodeIgniter\View\View->render('Views/auth/login', [], true)
 7 APPPATH\Controllers\Auth.php(10): view('Views/auth/login')
 8 SYSTEMPATH\CodeIgniter.php(932): App\Controllers\Auth->index()
 9 SYSTEMPATH\CodeIgniter.php(497): CodeIgniter\CodeIgniter->runController(Object(App\Controllers\Auth))
10 SYSTEMPATH\CodeIgniter.php(366): CodeIgniter\CodeIgniter->handleRequest(null, Object(Config\Cache), false)
11 FCPATH\index.php(67): CodeIgniter\CodeIgniter->run()
12 SYSTEMPATH\Commands\Server\rewrite.php(47): require_once('C:\\Users\\4\\Desktop\\jidox_codeigniter\\jidox\\public\\index.php')
CRITICAL - 2023-08-16 09:00:58 --> Invalid file: "partials/vendor-scripts.php"
in SYSTEMPATH\Exceptions\FrameworkException.php on line 33.
 1 SYSTEMPATH\View\View.php(212): CodeIgniter\Exceptions\FrameworkException::forInvalidFile('partials/vendor-scripts.php')
 2 SYSTEMPATH\View\View.php(452): CodeIgniter\View\View->render('partials/vendor-scripts', null, true)
 3 APPPATH\Views\auth\login.php(111): CodeIgniter\View\View->include('partials/vendor-scripts')
 4 SYSTEMPATH\View\View.php(224): include('C:\\Users\\4\\Desktop\\jidox_codeigniter\\jidox\\app\\Views\\auth\\login.php')
 5 SYSTEMPATH\View\View.php(227): CodeIgniter\View\View->CodeIgniter\View\{closure}()
 6 SYSTEMPATH\Common.php(1176): CodeIgniter\View\View->render('auth/login', [], true)
 7 APPPATH\Controllers\Auth.php(10): view('auth/login')
 8 SYSTEMPATH\CodeIgniter.php(932): App\Controllers\Auth->index()
 9 SYSTEMPATH\CodeIgniter.php(497): CodeIgniter\CodeIgniter->runController(Object(App\Controllers\Auth))
10 SYSTEMPATH\CodeIgniter.php(366): CodeIgniter\CodeIgniter->handleRequest(null, Object(Config\Cache), false)
11 FCPATH\index.php(67): CodeIgniter\CodeIgniter->run()
12 SYSTEMPATH\Commands\Server\rewrite.php(47): require_once('C:\\Users\\4\\Desktop\\jidox_codeigniter\\jidox\\public\\index.php')
CRITICAL - 2023-08-16 09:01:06 --> Invalid file: "partials/vendor-scripts.php"
in SYSTEMPATH\Exceptions\FrameworkException.php on line 33.
 1 SYSTEMPATH\View\View.php(212): CodeIgniter\Exceptions\FrameworkException::forInvalidFile('partials/vendor-scripts.php')
 2 SYSTEMPATH\View\View.php(452): CodeIgniter\View\View->render('partials/vendor-scripts', null, true)
 3 APPPATH\Views\auth\login.php(111): CodeIgniter\View\View->include('partials/vendor-scripts')
 4 SYSTEMPATH\View\View.php(224): include('C:\\Users\\4\\Desktop\\jidox_codeigniter\\jidox\\app\\Views\\auth\\login.php')
 5 SYSTEMPATH\View\View.php(227): CodeIgniter\View\View->CodeIgniter\View\{closure}()
 6 SYSTEMPATH\Common.php(1176): CodeIgniter\View\View->render('auth/login', [], true)
 7 APPPATH\Controllers\Auth.php(10): view('auth/login')
 8 SYSTEMPATH\CodeIgniter.php(932): App\Controllers\Auth->index()
 9 SYSTEMPATH\CodeIgniter.php(497): CodeIgniter\CodeIgniter->runController(Object(App\Controllers\Auth))
10 SYSTEMPATH\CodeIgniter.php(366): CodeIgniter\CodeIgniter->handleRequest(null, Object(Config\Cache), false)
11 FCPATH\index.php(67): CodeIgniter\CodeIgniter->run()
12 SYSTEMPATH\Commands\Server\rewrite.php(47): require_once('C:\\Users\\4\\Desktop\\jidox_codeigniter\\jidox\\public\\index.php')
CRITICAL - 2023-08-16 09:02:10 --> Invalid file: "partials/vendor-scripts.php"
in SYSTEMPATH\Exceptions\FrameworkException.php on line 33.
 1 SYSTEMPATH\View\View.php(212): CodeIgniter\Exceptions\FrameworkException::forInvalidFile('partials/vendor-scripts.php')
 2 SYSTEMPATH\View\View.php(452): CodeIgniter\View\View->render('partials/vendor-scripts', null, true)
 3 APPPATH\Views\auth\login.php(111): CodeIgniter\View\View->include('partials/vendor-scripts')
 4 SYSTEMPATH\View\View.php(224): include('C:\\Users\\4\\Desktop\\jidox_codeigniter\\jidox\\app\\Views\\auth\\login.php')
 5 SYSTEMPATH\View\View.php(227): CodeIgniter\View\View->CodeIgniter\View\{closure}()
 6 SYSTEMPATH\Common.php(1176): CodeIgniter\View\View->render('auth/login', [], true)
 7 APPPATH\Controllers\Auth.php(10): view('auth/login')
 8 SYSTEMPATH\CodeIgniter.php(932): App\Controllers\Auth->index()
 9 SYSTEMPATH\CodeIgniter.php(497): CodeIgniter\CodeIgniter->runController(Object(App\Controllers\Auth))
10 SYSTEMPATH\CodeIgniter.php(366): CodeIgniter\CodeIgniter->handleRequest(null, Object(Config\Cache), false)
11 FCPATH\index.php(67): CodeIgniter\CodeIgniter->run()
12 SYSTEMPATH\Commands\Server\rewrite.php(47): require_once('C:\\Users\\4\\Desktop\\jidox_codeigniter\\jidox\\public\\index.php')
CRITICAL - 2023-08-16 09:03:22 --> Invalid file: "partials/vendor-scripts.php"
in SYSTEMPATH\Exceptions\FrameworkException.php on line 33.
 1 SYSTEMPATH\View\View.php(212): CodeIgniter\Exceptions\FrameworkException::forInvalidFile('partials/vendor-scripts.php')
 2 SYSTEMPATH\View\View.php(452): CodeIgniter\View\View->render('partials/vendor-scripts', null, true)
 3 APPPATH\Views\auth\login.php(111): CodeIgniter\View\View->include('partials/vendor-scripts')
 4 SYSTEMPATH\View\View.php(224): include('C:\\Users\\4\\Desktop\\jidox_codeigniter\\jidox\\app\\Views\\auth\\login.php')
 5 SYSTEMPATH\View\View.php(227): CodeIgniter\View\View->CodeIgniter\View\{closure}()
 6 SYSTEMPATH\Common.php(1176): CodeIgniter\View\View->render('auth/login', [], true)
 7 APPPATH\Controllers\Auth.php(10): view('auth/login')
 8 SYSTEMPATH\CodeIgniter.php(932): App\Controllers\Auth->index()
 9 SYSTEMPATH\CodeIgniter.php(497): CodeIgniter\CodeIgniter->runController(Object(App\Controllers\Auth))
10 SYSTEMPATH\CodeIgniter.php(366): CodeIgniter\CodeIgniter->handleRequest(null, Object(Config\Cache), false)
11 FCPATH\index.php(67): CodeIgniter\CodeIgniter->run()
12 SYSTEMPATH\Commands\Server\rewrite.php(47): require_once('C:\\Users\\4\\Desktop\\jidox_codeigniter\\jidox\\public\\index.php')
CRITICAL - 2023-08-16 09:03:26 --> Invalid file: "partials/vendor-scripts.php"
in SYSTEMPATH\Exceptions\FrameworkException.php on line 33.
 1 SYSTEMPATH\View\View.php(212): CodeIgniter\Exceptions\FrameworkException::forInvalidFile('partials/vendor-scripts.php')
 2 SYSTEMPATH\View\View.php(452): CodeIgniter\View\View->render('partials/vendor-scripts', null, true)
 3 APPPATH\Views\auth\login.php(111): CodeIgniter\View\View->include('partials/vendor-scripts')
 4 SYSTEMPATH\View\View.php(224): include('C:\\Users\\4\\Desktop\\jidox_codeigniter\\jidox\\app\\Views\\auth\\login.php')
 5 SYSTEMPATH\View\View.php(227): CodeIgniter\View\View->CodeIgniter\View\{closure}()
 6 SYSTEMPATH\Common.php(1176): CodeIgniter\View\View->render('auth/login', [], true)
 7 APPPATH\Controllers\Auth.php(10): view('auth/login')
 8 SYSTEMPATH\CodeIgniter.php(932): App\Controllers\Auth->index()
 9 SYSTEMPATH\CodeIgniter.php(497): CodeIgniter\CodeIgniter->runController(Object(App\Controllers\Auth))
10 SYSTEMPATH\CodeIgniter.php(366): CodeIgniter\CodeIgniter->handleRequest(null, Object(Config\Cache), false)
11 FCPATH\index.php(67): CodeIgniter\CodeIgniter->run()
12 SYSTEMPATH\Commands\Server\rewrite.php(47): require_once('C:\\Users\\4\\Desktop\\jidox_codeigniter\\jidox\\public\\index.php')
CRITICAL - 2023-08-16 10:41:55 --> Undefined variable $subtitle
in APPPATH/Views/partials/page-title.php on line 8.
 1 APPPATH/Views/partials/page-title.php(8): CodeIgniter\Debug\Exceptions->errorHandler()
 2 SYSTEMPATH/View/View.php(224): include('/home/ct9/Desktop/Ishan/Jidox/jidox_codeigniter/app/Views/partials/page-title.php')
 3 SYSTEMPATH/View/View.php(227): CodeIgniter\View\View->CodeIgniter\View\{closure}()
 4 SYSTEMPATH/View/View.php(452): CodeIgniter\View\View->render()
 5 APPPATH/Views/apps-chat.php(25): CodeIgniter\View\View->include()
 6 SYSTEMPATH/View/View.php(224): include('/home/ct9/Desktop/Ishan/Jidox/jidox_codeigniter/app/Views/apps-chat.php')
 7 SYSTEMPATH/View/View.php(227): CodeIgniter\View\View->CodeIgniter\View\{closure}()
 8 SYSTEMPATH/Common.php(1176): CodeIgniter\View\View->render()
 9 APPPATH/Controllers/Home.php(16): view()
10 SYSTEMPATH/CodeIgniter.php(932): App\Controllers\Home->root()
11 SYSTEMPATH/CodeIgniter.php(497): CodeIgniter\CodeIgniter->runController()
12 SYSTEMPATH/CodeIgniter.php(366): CodeIgniter\CodeIgniter->handleRequest()
13 FCPATH/index.php(67): CodeIgniter\CodeIgniter->run()
14 SYSTEMPATH/Commands/Server/rewrite.php(47): require_once('/home/ct9/Desktop/Ishan/Jidox/jidox_codeigniter/public/index.php')
CRITICAL - 2023-08-16 10:42:01 --> Undefined variable $subtitle
in APPPATH/Views/partials/page-title.php on line 8.
 1 APPPATH/Views/partials/page-title.php(8): CodeIgniter\Debug\Exceptions->errorHandler()
 2 SYSTEMPATH/View/View.php(224): include('/home/ct9/Desktop/Ishan/Jidox/jidox_codeigniter/app/Views/partials/page-title.php')
 3 SYSTEMPATH/View/View.php(227): CodeIgniter\View\View->CodeIgniter\View\{closure}()
 4 SYSTEMPATH/View/View.php(452): CodeIgniter\View\View->render()
 5 APPPATH/Views/apps-chat.php(25): CodeIgniter\View\View->include()
 6 SYSTEMPATH/View/View.php(224): include('/home/ct9/Desktop/Ishan/Jidox/jidox_codeigniter/app/Views/apps-chat.php')
 7 SYSTEMPATH/View/View.php(227): CodeIgniter\View\View->CodeIgniter\View\{closure}()
 8 SYSTEMPATH/Common.php(1176): CodeIgniter\View\View->render()
 9 APPPATH/Controllers/Home.php(16): view()
10 SYSTEMPATH/CodeIgniter.php(932): App\Controllers\Home->root()
11 SYSTEMPATH/CodeIgniter.php(497): CodeIgniter\CodeIgniter->runController()
12 SYSTEMPATH/CodeIgniter.php(366): CodeIgniter\CodeIgniter->handleRequest()
13 FCPATH/index.php(67): CodeIgniter\CodeIgniter->run()
14 SYSTEMPATH/Commands/Server/rewrite.php(47): require_once('/home/ct9/Desktop/Ishan/Jidox/jidox_codeigniter/public/index.php')
CRITICAL - 2023-08-16 10:42:02 --> Undefined variable $subtitle
in APPPATH/Views/partials/page-title.php on line 8.
 1 APPPATH/Views/partials/page-title.php(8): CodeIgniter\Debug\Exceptions->errorHandler()
 2 SYSTEMPATH/View/View.php(224): include('/home/ct9/Desktop/Ishan/Jidox/jidox_codeigniter/app/Views/partials/page-title.php')
 3 SYSTEMPATH/View/View.php(227): CodeIgniter\View\View->CodeIgniter\View\{closure}()
 4 SYSTEMPATH/View/View.php(452): CodeIgniter\View\View->render()
 5 APPPATH/Views/apps-chat.php(25): CodeIgniter\View\View->include()
 6 SYSTEMPATH/View/View.php(224): include('/home/ct9/Desktop/Ishan/Jidox/jidox_codeigniter/app/Views/apps-chat.php')
 7 SYSTEMPATH/View/View.php(227): CodeIgniter\View\View->CodeIgniter\View\{closure}()
 8 SYSTEMPATH/Common.php(1176): CodeIgniter\View\View->render()
 9 APPPATH/Controllers/Home.php(16): view()
10 SYSTEMPATH/CodeIgniter.php(932): App\Controllers\Home->root()
11 SYSTEMPATH/CodeIgniter.php(497): CodeIgniter\CodeIgniter->runController()
12 SYSTEMPATH/CodeIgniter.php(366): CodeIgniter\CodeIgniter->handleRequest()
13 FCPATH/index.php(67): CodeIgniter\CodeIgniter->run()
14 SYSTEMPATH/Commands/Server/rewrite.php(47): require_once('/home/ct9/Desktop/Ishan/Jidox/jidox_codeigniter/public/index.php')
CRITICAL - 2023-08-16 10:46:10 --> Undefined variable $subtitle
in APPPATH/Views/partials/page-title.php on line 8.
 1 APPPATH/Views/partials/page-title.php(8): CodeIgniter\Debug\Exceptions->errorHandler()
 2 SYSTEMPATH/View/View.php(224): include('/home/ct9/Desktop/Ishan/Jidox/jidox_codeigniter/app/Views/partials/page-title.php')
 3 SYSTEMPATH/View/View.php(227): CodeIgniter\View\View->CodeIgniter\View\{closure}()
 4 SYSTEMPATH/View/View.php(452): CodeIgniter\View\View->render()
 5 APPPATH/Views/apps-chat.php(25): CodeIgniter\View\View->include()
 6 SYSTEMPATH/View/View.php(224): include('/home/ct9/Desktop/Ishan/Jidox/jidox_codeigniter/app/Views/apps-chat.php')
 7 SYSTEMPATH/View/View.php(227): CodeIgniter\View\View->CodeIgniter\View\{closure}()
 8 SYSTEMPATH/Common.php(1176): CodeIgniter\View\View->render()
 9 APPPATH/Controllers/Home.php(16): view()
10 SYSTEMPATH/CodeIgniter.php(932): App\Controllers\Home->root()
11 SYSTEMPATH/CodeIgniter.php(497): CodeIgniter\CodeIgniter->runController()
12 SYSTEMPATH/CodeIgniter.php(366): CodeIgniter\CodeIgniter->handleRequest()
13 FCPATH/index.php(67): CodeIgniter\CodeIgniter->run()
14 SYSTEMPATH/Commands/Server/rewrite.php(47): require_once('/home/ct9/Desktop/Ishan/Jidox/jidox_codeigniter/public/index.php')
CRITICAL - 2023-08-16 10:46:10 --> Undefined variable $subtitle
in APPPATH/Views/partials/page-title.php on line 8.
 1 APPPATH/Views/partials/page-title.php(8): CodeIgniter\Debug\Exceptions->errorHandler()
 2 SYSTEMPATH/View/View.php(224): include('/home/ct9/Desktop/Ishan/Jidox/jidox_codeigniter/app/Views/partials/page-title.php')
 3 SYSTEMPATH/View/View.php(227): CodeIgniter\View\View->CodeIgniter\View\{closure}()
 4 SYSTEMPATH/View/View.php(452): CodeIgniter\View\View->render()
 5 APPPATH/Views/apps-chat.php(25): CodeIgniter\View\View->include()
 6 SYSTEMPATH/View/View.php(224): include('/home/ct9/Desktop/Ishan/Jidox/jidox_codeigniter/app/Views/apps-chat.php')
 7 SYSTEMPATH/View/View.php(227): CodeIgniter\View\View->CodeIgniter\View\{closure}()
 8 SYSTEMPATH/Common.php(1176): CodeIgniter\View\View->render()
 9 APPPATH/Controllers/Home.php(16): view()
10 SYSTEMPATH/CodeIgniter.php(932): App\Controllers\Home->root()
11 SYSTEMPATH/CodeIgniter.php(497): CodeIgniter\CodeIgniter->runController()
12 SYSTEMPATH/CodeIgniter.php(366): CodeIgniter\CodeIgniter->handleRequest()
13 FCPATH/index.php(67): CodeIgniter\CodeIgniter->run()
14 SYSTEMPATH/Commands/Server/rewrite.php(47): require_once('/home/ct9/Desktop/Ishan/Jidox/jidox_codeigniter/public/index.php')
CRITICAL - 2023-08-16 10:46:10 --> Undefined variable $subtitle
in APPPATH/Views/partials/page-title.php on line 8.
 1 APPPATH/Views/partials/page-title.php(8): CodeIgniter\Debug\Exceptions->errorHandler()
 2 SYSTEMPATH/View/View.php(224): include('/home/ct9/Desktop/Ishan/Jidox/jidox_codeigniter/app/Views/partials/page-title.php')
 3 SYSTEMPATH/View/View.php(227): CodeIgniter\View\View->CodeIgniter\View\{closure}()
 4 SYSTEMPATH/View/View.php(452): CodeIgniter\View\View->render()
 5 APPPATH/Views/apps-chat.php(25): CodeIgniter\View\View->include()
 6 SYSTEMPATH/View/View.php(224): include('/home/ct9/Desktop/Ishan/Jidox/jidox_codeigniter/app/Views/apps-chat.php')
 7 SYSTEMPATH/View/View.php(227): CodeIgniter\View\View->CodeIgniter\View\{closure}()
 8 SYSTEMPATH/Common.php(1176): CodeIgniter\View\View->render()
 9 APPPATH/Controllers/Home.php(16): view()
10 SYSTEMPATH/CodeIgniter.php(932): App\Controllers\Home->root()
11 SYSTEMPATH/CodeIgniter.php(497): CodeIgniter\CodeIgniter->runController()
12 SYSTEMPATH/CodeIgniter.php(366): CodeIgniter\CodeIgniter->handleRequest()
13 FCPATH/index.php(67): CodeIgniter\CodeIgniter->run()
14 SYSTEMPATH/Commands/Server/rewrite.php(47): require_once('/home/ct9/Desktop/Ishan/Jidox/jidox_codeigniter/public/index.php')
CRITICAL - 2023-08-16 10:46:11 --> Undefined variable $subtitle
in APPPATH/Views/partials/page-title.php on line 8.
 1 APPPATH/Views/partials/page-title.php(8): CodeIgniter\Debug\Exceptions->errorHandler()
 2 SYSTEMPATH/View/View.php(224): include('/home/ct9/Desktop/Ishan/Jidox/jidox_codeigniter/app/Views/partials/page-title.php')
 3 SYSTEMPATH/View/View.php(227): CodeIgniter\View\View->CodeIgniter\View\{closure}()
 4 SYSTEMPATH/View/View.php(452): CodeIgniter\View\View->render()
 5 APPPATH/Views/apps-chat.php(25): CodeIgniter\View\View->include()
 6 SYSTEMPATH/View/View.php(224): include('/home/ct9/Desktop/Ishan/Jidox/jidox_codeigniter/app/Views/apps-chat.php')
 7 SYSTEMPATH/View/View.php(227): CodeIgniter\View\View->CodeIgniter\View\{closure}()
 8 SYSTEMPATH/Common.php(1176): CodeIgniter\View\View->render()
 9 APPPATH/Controllers/Home.php(16): view()
10 SYSTEMPATH/CodeIgniter.php(932): App\Controllers\Home->root()
11 SYSTEMPATH/CodeIgniter.php(497): CodeIgniter\CodeIgniter->runController()
12 SYSTEMPATH/CodeIgniter.php(366): CodeIgniter\CodeIgniter->handleRequest()
13 FCPATH/index.php(67): CodeIgniter\CodeIgniter->run()
14 SYSTEMPATH/Commands/Server/rewrite.php(47): require_once('/home/ct9/Desktop/Ishan/Jidox/jidox_codeigniter/public/index.php')
CRITICAL - 2023-08-16 10:46:11 --> Undefined variable $subtitle
in APPPATH/Views/partials/page-title.php on line 8.
 1 APPPATH/Views/partials/page-title.php(8): CodeIgniter\Debug\Exceptions->errorHandler()
 2 SYSTEMPATH/View/View.php(224): include('/home/ct9/Desktop/Ishan/Jidox/jidox_codeigniter/app/Views/partials/page-title.php')
 3 SYSTEMPATH/View/View.php(227): CodeIgniter\View\View->CodeIgniter\View\{closure}()
 4 SYSTEMPATH/View/View.php(452): CodeIgniter\View\View->render()
 5 APPPATH/Views/apps-chat.php(25): CodeIgniter\View\View->include()
 6 SYSTEMPATH/View/View.php(224): include('/home/ct9/Desktop/Ishan/Jidox/jidox_codeigniter/app/Views/apps-chat.php')
 7 SYSTEMPATH/View/View.php(227): CodeIgniter\View\View->CodeIgniter\View\{closure}()
 8 SYSTEMPATH/Common.php(1176): CodeIgniter\View\View->render()
 9 APPPATH/Controllers/Home.php(16): view()
10 SYSTEMPATH/CodeIgniter.php(932): App\Controllers\Home->root()
11 SYSTEMPATH/CodeIgniter.php(497): CodeIgniter\CodeIgniter->runController()
12 SYSTEMPATH/CodeIgniter.php(366): CodeIgniter\CodeIgniter->handleRequest()
13 FCPATH/index.php(67): CodeIgniter\CodeIgniter->run()
14 SYSTEMPATH/Commands/Server/rewrite.php(47): require_once('/home/ct9/Desktop/Ishan/Jidox/jidox_codeigniter/public/index.php')
CRITICAL - 2023-08-16 10:46:26 --> Undefined variable $subtitle
in APPPATH/Views/partials/page-title.php on line 8.
 1 APPPATH/Views/partials/page-title.php(8): CodeIgniter\Debug\Exceptions->errorHandler()
 2 SYSTEMPATH/View/View.php(224): include('/home/ct9/Desktop/Ishan/Jidox/jidox_codeigniter/app/Views/partials/page-title.php')
 3 SYSTEMPATH/View/View.php(227): CodeIgniter\View\View->CodeIgniter\View\{closure}()
 4 SYSTEMPATH/View/View.php(452): CodeIgniter\View\View->render()
 5 APPPATH/Views/apps-chat.php(25): CodeIgniter\View\View->include()
 6 SYSTEMPATH/View/View.php(224): include('/home/ct9/Desktop/Ishan/Jidox/jidox_codeigniter/app/Views/apps-chat.php')
 7 SYSTEMPATH/View/View.php(227): CodeIgniter\View\View->CodeIgniter\View\{closure}()
 8 SYSTEMPATH/Common.php(1176): CodeIgniter\View\View->render()
 9 APPPATH/Controllers/Home.php(16): view()
10 SYSTEMPATH/CodeIgniter.php(932): App\Controllers\Home->root()
11 SYSTEMPATH/CodeIgniter.php(497): CodeIgniter\CodeIgniter->runController()
12 SYSTEMPATH/CodeIgniter.php(366): CodeIgniter\CodeIgniter->handleRequest()
13 FCPATH/index.php(67): CodeIgniter\CodeIgniter->run()
14 SYSTEMPATH/Commands/Server/rewrite.php(47): require_once('/home/ct9/Desktop/Ishan/Jidox/jidox_codeigniter/public/index.php')
CRITICAL - 2023-08-16 10:46:36 --> Undefined variable $subtitle
in APPPATH/Views/partials/page-title.php on line 8.
 1 APPPATH/Views/partials/page-title.php(8): CodeIgniter\Debug\Exceptions->errorHandler()
 2 SYSTEMPATH/View/View.php(224): include('/home/ct9/Desktop/Ishan/Jidox/jidox_codeigniter/app/Views/partials/page-title.php')
 3 SYSTEMPATH/View/View.php(227): CodeIgniter\View\View->CodeIgniter\View\{closure}()
 4 SYSTEMPATH/View/View.php(452): CodeIgniter\View\View->render()
 5 APPPATH/Views/apps-chat.php(25): CodeIgniter\View\View->include()
 6 SYSTEMPATH/View/View.php(224): include('/home/ct9/Desktop/Ishan/Jidox/jidox_codeigniter/app/Views/apps-chat.php')
 7 SYSTEMPATH/View/View.php(227): CodeIgniter\View\View->CodeIgniter\View\{closure}()
 8 SYSTEMPATH/Common.php(1176): CodeIgniter\View\View->render()
 9 APPPATH/Controllers/Home.php(16): view()
10 SYSTEMPATH/CodeIgniter.php(932): App\Controllers\Home->root()
11 SYSTEMPATH/CodeIgniter.php(497): CodeIgniter\CodeIgniter->runController()
12 SYSTEMPATH/CodeIgniter.php(366): CodeIgniter\CodeIgniter->handleRequest()
13 FCPATH/index.php(67): CodeIgniter\CodeIgniter->run()
14 SYSTEMPATH/Commands/Server/rewrite.php(47): require_once('/home/ct9/Desktop/Ishan/Jidox/jidox_codeigniter/public/index.php')
CRITICAL - 2023-08-16 10:49:31 --> Undefined variable $subtitle
in APPPATH/Views/partials/page-title.php on line 8.
 1 APPPATH/Views/partials/page-title.php(8): CodeIgniter\Debug\Exceptions->errorHandler()
 2 SYSTEMPATH/View/View.php(224): include('/home/ct9/Desktop/Ishan/Jidox/jidox_codeigniter/app/Views/partials/page-title.php')
 3 SYSTEMPATH/View/View.php(227): CodeIgniter\View\View->CodeIgniter\View\{closure}()
 4 SYSTEMPATH/View/View.php(452): CodeIgniter\View\View->render()
 5 APPPATH/Views/apps-chat.php(25): CodeIgniter\View\View->include()
 6 SYSTEMPATH/View/View.php(224): include('/home/ct9/Desktop/Ishan/Jidox/jidox_codeigniter/app/Views/apps-chat.php')
 7 SYSTEMPATH/View/View.php(227): CodeIgniter\View\View->CodeIgniter\View\{closure}()
 8 SYSTEMPATH/Common.php(1176): CodeIgniter\View\View->render()
 9 APPPATH/Controllers/Home.php(16): view()
10 SYSTEMPATH/CodeIgniter.php(932): App\Controllers\Home->root()
11 SYSTEMPATH/CodeIgniter.php(497): CodeIgniter\CodeIgniter->runController()
12 SYSTEMPATH/CodeIgniter.php(366): CodeIgniter\CodeIgniter->handleRequest()
13 FCPATH/index.php(67): CodeIgniter\CodeIgniter->run()
14 SYSTEMPATH/Commands/Server/rewrite.php(47): require_once('/home/ct9/Desktop/Ishan/Jidox/jidox_codeigniter/public/index.php')
CRITICAL - 2023-08-16 10:49:41 --> Undefined variable $subtitle
in APPPATH/Views/partials/page-title.php on line 8.
 1 APPPATH/Views/partials/page-title.php(8): CodeIgniter\Debug\Exceptions->errorHandler()
 2 SYSTEMPATH/View/View.php(224): include('/home/ct9/Desktop/Ishan/Jidox/jidox_codeigniter/app/Views/partials/page-title.php')
 3 SYSTEMPATH/View/View.php(227): CodeIgniter\View\View->CodeIgniter\View\{closure}()
 4 SYSTEMPATH/View/View.php(452): CodeIgniter\View\View->render()
 5 APPPATH/Views/apps-chat.php(25): CodeIgniter\View\View->include()
 6 SYSTEMPATH/View/View.php(224): include('/home/ct9/Desktop/Ishan/Jidox/jidox_codeigniter/app/Views/apps-chat.php')
 7 SYSTEMPATH/View/View.php(227): CodeIgniter\View\View->CodeIgniter\View\{closure}()
 8 SYSTEMPATH/Common.php(1176): CodeIgniter\View\View->render()
 9 APPPATH/Controllers/Home.php(16): view()
10 SYSTEMPATH/CodeIgniter.php(932): App\Controllers\Home->root()
11 SYSTEMPATH/CodeIgniter.php(497): CodeIgniter\CodeIgniter->runController()
12 SYSTEMPATH/CodeIgniter.php(366): CodeIgniter\CodeIgniter->handleRequest()
13 FCPATH/index.php(67): CodeIgniter\CodeIgniter->run()
14 SYSTEMPATH/Commands/Server/rewrite.php(47): require_once('/home/ct9/Desktop/Ishan/Jidox/jidox_codeigniter/public/index.php')
ERROR - 2023-08-16 12:40:57 --> ErrorException: SQLite3::exec(): database is locked in C:\Users\4\Desktop\jidox_codeigniter\vendor\codeigniter4\framework\system\Database\SQLite3\Connection.php:145
Stack trace:
#0 [internal function]: CodeIgniter\Debug\Exceptions->errorHandler(2, 'SQLite3::exec()...', 'C:\\Users\\4\\Desk...', 145)
#1 C:\Users\4\Desktop\jidox_codeigniter\vendor\codeigniter4\framework\system\Database\SQLite3\Connection.php(145): SQLite3->exec('CREATE TABLE `m...')
#2 C:\Users\4\Desktop\jidox_codeigniter\vendor\codeigniter4\framework\system\Database\BaseConnection.php(692): CodeIgniter\Database\SQLite3\Connection->execute('CREATE TABLE `m...')
#3 C:\Users\4\Desktop\jidox_codeigniter\vendor\codeigniter4\framework\system\Database\BaseConnection.php(606): CodeIgniter\Database\BaseConnection->simpleQuery('CREATE TABLE `m...')
#4 C:\Users\4\Desktop\jidox_codeigniter\vendor\codeigniter4\framework\system\Database\Forge.php(546): CodeIgniter\Database\BaseConnection->query('CREATE TABLE `m...')
#5 C:\Users\4\Desktop\jidox_codeigniter\vendor\codeigniter4\framework\system\Database\MigrationRunner.php(815): CodeIgniter\Database\Forge->createTable('migrations', true)
#6 C:\Users\4\Desktop\jidox_codeigniter\vendor\codeigniter4\framework\system\Database\MigrationRunner.php(168): CodeIgniter\Database\MigrationRunner->ensureTable()
#7 C:\Users\4\Desktop\jidox_codeigniter\vendor\codeigniter4\framework\system\Commands\Database\Migrate.php(84): CodeIgniter\Database\MigrationRunner->latest(NULL)
#8 C:\Users\4\Desktop\jidox_codeigniter\vendor\codeigniter4\framework\system\CLI\Commands.php(65): CodeIgniter\Commands\Database\Migrate->run(Array)
#9 C:\Users\4\Desktop\jidox_codeigniter\vendor\codeigniter4\framework\system\CLI\Console.php(37): CodeIgniter\CLI\Commands->run('migrate', Array)
#10 C:\Users\4\Desktop\jidox_codeigniter\spark(97): CodeIgniter\CLI\Console->run()
#11 {main}
ERROR - 2023-08-16 12:43:14 --> ErrorException: SQLite3::exec(): database is locked in C:\Users\4\Desktop\jidox_codeigniter\vendor\codeigniter4\framework\system\Database\SQLite3\Connection.php:145
Stack trace:
#0 [internal function]: CodeIgniter\Debug\Exceptions->errorHandler(2, 'SQLite3::exec()...', 'C:\\Users\\4\\Desk...', 145)
#1 C:\Users\4\Desktop\jidox_codeigniter\vendor\codeigniter4\framework\system\Database\SQLite3\Connection.php(145): SQLite3->exec('CREATE TABLE `m...')
#2 C:\Users\4\Desktop\jidox_codeigniter\vendor\codeigniter4\framework\system\Database\BaseConnection.php(692): CodeIgniter\Database\SQLite3\Connection->execute('CREATE TABLE `m...')
#3 C:\Users\4\Desktop\jidox_codeigniter\vendor\codeigniter4\framework\system\Database\BaseConnection.php(606): CodeIgniter\Database\BaseConnection->simpleQuery('CREATE TABLE `m...')
#4 C:\Users\4\Desktop\jidox_codeigniter\vendor\codeigniter4\framework\system\Database\Forge.php(546): CodeIgniter\Database\BaseConnection->query('CREATE TABLE `m...')
#5 C:\Users\4\Desktop\jidox_codeigniter\vendor\codeigniter4\framework\system\Database\MigrationRunner.php(815): CodeIgniter\Database\Forge->createTable('migrations', true)
#6 C:\Users\4\Desktop\jidox_codeigniter\vendor\codeigniter4\framework\system\Database\MigrationRunner.php(168): CodeIgniter\Database\MigrationRunner->ensureTable()
#7 C:\Users\4\Desktop\jidox_codeigniter\vendor\codeigniter4\framework\system\Commands\Database\Migrate.php(84): CodeIgniter\Database\MigrationRunner->latest(NULL)
#8 C:\Users\4\Desktop\jidox_codeigniter\vendor\codeigniter4\framework\system\CLI\Commands.php(65): CodeIgniter\Commands\Database\Migrate->run(Array)
#9 C:\Users\4\Desktop\jidox_codeigniter\vendor\codeigniter4\framework\system\CLI\Console.php(37): CodeIgniter\CLI\Commands->run('migrate', Array)
#10 C:\Users\4\Desktop\jidox_codeigniter\spark(97): CodeIgniter\CLI\Console->run()
#11 {main}
ERROR - 2023-08-16 12:46:31 --> ErrorException: SQLite3::exec(): database is locked in C:\Users\4\Desktop\jidox_codeigniter\vendor\codeigniter4\framework\system\Database\SQLite3\Connection.php:145
Stack trace:
#0 [internal function]: CodeIgniter\Debug\Exceptions->errorHandler(2, 'SQLite3::exec()...', 'C:\\Users\\4\\Desk...', 145)
#1 C:\Users\4\Desktop\jidox_codeigniter\vendor\codeigniter4\framework\system\Database\SQLite3\Connection.php(145): SQLite3->exec('CREATE TABLE `m...')
#2 C:\Users\4\Desktop\jidox_codeigniter\vendor\codeigniter4\framework\system\Database\BaseConnection.php(692): CodeIgniter\Database\SQLite3\Connection->execute('CREATE TABLE `m...')
#3 C:\Users\4\Desktop\jidox_codeigniter\vendor\codeigniter4\framework\system\Database\BaseConnection.php(606): CodeIgniter\Database\BaseConnection->simpleQuery('CREATE TABLE `m...')
#4 C:\Users\4\Desktop\jidox_codeigniter\vendor\codeigniter4\framework\system\Database\Forge.php(546): CodeIgniter\Database\BaseConnection->query('CREATE TABLE `m...')
#5 C:\Users\4\Desktop\jidox_codeigniter\vendor\codeigniter4\framework\system\Database\MigrationRunner.php(815): CodeIgniter\Database\Forge->createTable('migrations', true)
#6 C:\Users\4\Desktop\jidox_codeigniter\vendor\codeigniter4\framework\system\Database\MigrationRunner.php(168): CodeIgniter\Database\MigrationRunner->ensureTable()
#7 C:\Users\4\Desktop\jidox_codeigniter\vendor\codeigniter4\framework\system\Commands\Database\Migrate.php(84): CodeIgniter\Database\MigrationRunner->latest(NULL)
#8 C:\Users\4\Desktop\jidox_codeigniter\vendor\codeigniter4\framework\system\CLI\Commands.php(65): CodeIgniter\Commands\Database\Migrate->run(Array)
#9 C:\Users\4\Desktop\jidox_codeigniter\vendor\codeigniter4\framework\system\CLI\Console.php(37): CodeIgniter\CLI\Commands->run('migrate', Array)
#10 C:\Users\4\Desktop\jidox_codeigniter\spark(97): CodeIgniter\CLI\Console->run()
#11 {main}
